2012. 6. 29 오후 4:52:40 org.apache.catalina.core.AprLifecycleListener init
정보: The APR based Apache Tomcat Native library which allows optimal performance in production environments was not found on the java.library.path: C:\Program Files\Java\jdk1.6.0_24\bin;.;C:\Windows\Sun\Java\bin;C:\Windows\system32;C:\Windows;C:\SenchaSDKTools-2.0.0-beta3;C:\Windows\system32;C:\Windows;C:\Windows\System32\Wbem;C:\Windows\System32\WindowsPowerShell\v1.0;C:\Program Files\Citrix\ICAService;C:\Program Files\Citrix\System32;;C:\Program Files\Java\jdk1.6.0_24\bin;
2012. 6. 29 오후 4:52:40 org.apache.coyote.http11.Http11Protocol init
정보: Initializing Coyote HTTP/1.1 on http-8080
2012. 6. 29 오후 4:52:40 org.apache.catalina.startup.Catalina load
정보: Initialization processed in 959 ms
2012. 6. 29 오후 4:52:40 org.apache.catalina.core.StandardService start
정보: Starting service Catalina
2012. 6. 29 오후 4:52:40 org.apache.catalina.core.StandardEngine start
정보: Starting Servlet Engine: Apache Tomcat/6.0.32
2012. 6. 29 오후 4:52:40 org.apache.catalina.startup.HostConfig deployDirectory
정보: Deploying web application directory ROOT
2012. 6. 29 오후 4:52:41 org.apache.catalina.startup.HostConfig deployDirectory
정보: Deploying web application directory docs
2012. 6. 29 오후 4:52:41 org.apache.catalina.startup.HostConfig deployDirectory
정보: Deploying web application directory examples
2012. 6. 29 오후 4:52:43 org.apache.catalina.startup.HostConfig deployDirectory
정보: Deploying web application directory host-manager
2012. 6. 29 오후 4:52:43 org.apache.catalina.startup.HostConfig deployDirectory
정보: Deploying web application directory manager
2012. 6. 29 오후 4:52:43 org.apache.catalina.startup.HostConfig deployDirectory
정보: Deploying web application directory sencha-touch-2
2012. 6. 29 오후 4:52:43 org.apache.catalina.startup.HostConfig deployDirectory
정보: Deploying web application directory jQueryMobile
2012. 6. 29 오후 4:52:44 org.apache.coyote.http11.Http11Protocol start
정보: Starting Coyote HTTP/1.1 on http-8080
2012. 6. 29 오후 4:52:44 org.apache.jk.common.ChannelSocket init
정보: JK: ajp13 listening on /0.0.0.0:8009
2012. 6. 29 오후 4:52:44 org.apache.jk.server.JkMain start
정보: Jk running ID=0 time=0/109  config=null
2012. 6. 29 오후 4:52:44 org.apache.catalina.startup.Catalina start
정보: Server startup in 3674 ms
2012. 6. 29 오후 4:53:31 org.apache.coyote.http11.Http11Protocol pause
정보: Pausing Coyote HTTP/1.1 on http-8080
2012. 6. 29 오후 4:53:33 org.apache.catalina.core.StandardService stop
정보: Stopping service Catalina
2012. 6. 29 오후 4:53:33 org.apache.coyote.http11.Http11Protocol destroy
정보: Stopping Coyote HTTP/1.1 on http-8080
